<?xml version="1.0" encoding="UTF-8"?>
<testng-results skipped="0" failed="0" total="0" passed="0">
  <reporter-output>
  </reporter-output>
  <suite name="Default suite" duration-ms="18266" started-at="2017-10-17T17:37:21Z" finished-at="2017-10-17T17:37:40Z">
    <groups>
    </groups>
    <test name="Default test" duration-ms="18266" started-at="2017-10-17T17:37:21Z" finished-at="2017-10-17T17:37:40Z">
      <class name="com.CucumberMaven.Login">
        <test-method status="PASS" signature="testng()[pri:0, instance:com.CucumberMaven.Login@4f30ec]" name="testng" is-config="true" duration-ms="18249" started-at="2017-10-17T13:37:21Z" finished-at="2017-10-17T13:37:40Z">
          <reporter-output>
          </reporter-output>
        </test-method> <!-- testng -->
      </class> <!-- com.CucumberMaven.Login -->
    </test> <!-- Default test -->
  </suite> <!-- Default suite -->
</testng-results>
